2018-07-04 13:40:08.703  INFO 6416 --- [main] d.c.n.DuduNumberrouteApplication         : Starting DuduNumberrouteApplication on uf201302100 with PID 6416 (D:\yonyou_work\wyd-git\dudu-numberroute\target\classes started by Administrator in D:\yonyou_work\wyd-git\dudu-numberroute)
2018-07-04 13:40:08.808  INFO 6416 --- [main] d.c.n.DuduNumberrouteApplication         : No active profile set, falling back to default profiles: default
2018-07-04 13:40:09.057  INFO 6416 --- [main] ConfigServletWebServerApplicationContext : Refreshing org.springframework.boot.web.servlet.context.AnnotationConfigServletWebServerApplicationContext@18078bef: startup date [Wed Jul 04 13:40:09 CST 2018]; root of context hierarchy
2018-07-04 13:40:12.839  INFO 6416 --- [main] trationDelegate$BeanPostProcessorChecker : Bean 'org.springframework.transaction.annotation.ProxyTransactionManagementConfiguration' of type [org.springframework.transaction.annotation.ProxyTransactionManagementConfiguration$$EnhancerBySpringCGLIB$$b66eaba8] is not eligible for getting processed by all BeanPostProcessors (for example: not eligible for auto-proxying)
2018-07-04 13:40:14.253  INFO 6416 --- [main] o.s.b.w.embedded.tomcat.TomcatWebServer  : Tomcat initialized with port(s): 8080 (http)
2018-07-04 13:40:14.349  INFO 6416 --- [main] o.apache.catalina.core.StandardService   : Starting service [Tomcat]
2018-07-04 13:40:14.350  INFO 6416 --- [main] org.apache.catalina.core.StandardEngine  : Starting Servlet Engine: Apache Tomcat/8.5.31
2018-07-04 13:40:14.391  INFO 6416 --- [localhost-startStop-1] o.a.catalina.core.AprLifecycleListener   : The APR based Apache Tomcat Native library which allows optimal performance in production environments was not found on the java.library.path: [D:\yonyou_work\code\Java\jdk1.8.0_112\bin;C:\Windows\Sun\Java\bin;C:\Windows\system32;C:\Windows;D:/yonyou_work/code/Java/jdk1.8.0_112/bin/../jre/bin/server;D:/yonyou_work/code/Java/jdk1.8.0_112/bin/../jre/bin;D:/yonyou_work/code/Java/jdk1.8.0_112/bin/../jre/lib/amd64;C:\Windows\system32;C:\Windows;C:\Windows\System32\Wbem;C:\Windows\System32\WindowsPowerShell\v1.0\;C:\Program Files (x86)\Intel\OpenCL SDK\2.0\bin\x86;C:\Program Files (x86)\Intel\OpenCL SDK\2.0\bin\x64;C:\Program Files\TortoiseSVN\bin;D:\yonyou_work\code\Java\jdk1.8.0_112\bin;D:\yonyou_work\code\Java\jdk1.8.0_112\jre\bin;;D:\yonyou_work\sts-bundle\sts-3.9.4.RELEASE;;.]
2018-07-04 13:40:14.794  INFO 6416 --- [localhost-startStop-1] o.a.c.c.C.[Tomcat].[localhost].[/]       : Initializing Spring embedded WebApplicationContext
2018-07-04 13:40:14.795  INFO 6416 --- [localhost-startStop-1] o.s.web.context.ContextLoader            : Root WebApplicationContext: initialization completed in 5738 ms
2018-07-04 13:40:15.350  INFO 6416 --- [localhost-startStop-1] o.s.b.w.servlet.ServletRegistrationBean  : Servlet dispatcherServlet mapped to [/]
2018-07-04 13:40:15.364  INFO 6416 --- [localhost-startStop-1] o.s.b.w.servlet.FilterRegistrationBean   : Mapping filter: 'characterEncodingFilter' to: [/*]
2018-07-04 13:40:15.364  INFO 6416 --- [localhost-startStop-1] o.s.b.w.servlet.FilterRegistrationBean   : Mapping filter: 'hiddenHttpMethodFilter' to: [/*]
2018-07-04 13:40:15.365  INFO 6416 --- [localhost-startStop-1] o.s.b.w.servlet.FilterRegistrationBean   : Mapping filter: 'httpPutFormContentFilter' to: [/*]
2018-07-04 13:40:15.365  INFO 6416 --- [localhost-startStop-1] o.s.b.w.servlet.FilterRegistrationBean   : Mapping filter: 'requestContextFilter' to: [/*]
2018-07-04 13:40:16.347  INFO 6416 --- [main] com.alibaba.druid.pool.DruidDataSource   : {dataSource-1} inited
2018-07-04 13:40:16.891  INFO 6416 --- [main] j.LocalContainerEntityManagerFactoryBean : Building JPA container EntityManagerFactory for persistence unit 'default'
2018-07-04 13:40:16.999  INFO 6416 --- [main] o.hibernate.jpa.internal.util.LogHelper  : HHH000204: Processing PersistenceUnitInfo [
	name: default
	...]
2018-07-04 13:40:17.385  INFO 6416 --- [main] org.hibernate.Version                    : HHH000412: Hibernate Core {5.2.17.Final}
2018-07-04 13:40:17.387  INFO 6416 --- [main] org.hibernate.cfg.Environment            : HHH000206: hibernate.properties not found
2018-07-04 13:40:17.580  INFO 6416 --- [main] o.hibernate.annotations.common.Version   : HCANN000001: Hibernate Commons Annotations {5.0.1.Final}
2018-07-04 13:40:17.967  INFO 6416 --- [main] org.hibernate.dialect.Dialect            : HHH000400: Using dialect: org.hibernate.dialect.MySQL5Dialect
2018-07-04 13:40:19.447  INFO 6416 --- [main] j.LocalContainerEntityManagerFactoryBean : Initialized JPA EntityManagerFactory for persistence unit 'default'
2018-07-04 13:40:21.757  WARN 6416 --- [main] aWebConfiguration$JpaWebMvcConfiguration : spring.jpa.open-in-view is enabled by default. Therefore, database queries may be performed during view rendering. Explicitly configure spring.jpa.open-in-view to disable this warning
2018-07-04 13:40:21.902  INFO 6416 --- [main] s.w.s.m.m.a.RequestMappingHandlerMapping : Mapped "{[/numberroute/v1/getRouteInfo],methods=[POST]}" onto public dudu.cass.numberroute.model.NumberRouteResult dudu.cass.numberroute.controller.NumberRouteController.getNumberRouteInfo(dudu.cass.numberroute.requestparam.NumberRouteGet) throws java.lang.Exception
2018-07-04 13:40:21.904  INFO 6416 --- [main] s.w.s.m.m.a.RequestMappingHandlerMapping : Mapped "{[/numberroute/v1/get],methods=[GET]}" onto public dudu.cass.numberroute.model.NumberRouteResult dudu.cass.numberroute.controller.NumberRouteController.getNumberRouteInfo(java.lang.String) throws java.lang.Exception
2018-07-04 13:40:21.905  INFO 6416 --- [main] s.w.s.m.m.a.RequestMappingHandlerMapping : Mapped "{[/v2/api-docs],methods=[GET]}" onto public org.springframework.http.ResponseEntity<springfox.documentation.spring.web.json.Json> springfox.documentation.swagger2.web.Swagger2Controller.getDocumentation(java.lang.String)
2018-07-04 13:40:21.910  INFO 6416 --- [main] s.w.s.m.m.a.RequestMappingHandlerMapping : Mapped "{[/configuration/security]}" onto org.springframework.http.ResponseEntity<springfox.documentation.swagger.web.SecurityConfiguration> springfox.documentation.swagger.web.ApiResourceController.securityConfiguration()
2018-07-04 13:40:21.910  INFO 6416 --- [main] s.w.s.m.m.a.RequestMappingHandlerMapping : Mapped "{[/swagger-resources]}" onto org.springframework.http.ResponseEntity<java.util.List<springfox.documentation.swagger.web.SwaggerResource>> springfox.documentation.swagger.web.ApiResourceController.swaggerResources()
2018-07-04 13:40:21.911  INFO 6416 --- [main] s.w.s.m.m.a.RequestMappingHandlerMapping : Mapped "{[/configuration/ui]}" onto org.springframework.http.ResponseEntity<springfox.documentation.swagger.web.UiConfiguration> springfox.documentation.swagger.web.ApiResourceController.uiConfiguration()
2018-07-04 13:40:21.916  INFO 6416 --- [main] s.w.s.m.m.a.RequestMappingHandlerMapping : Mapped "{[/error]}" onto public org.springframework.http.ResponseEntity<java.util.Map<java.lang.String, java.lang.Object>> org.springframework.boot.autoconfigure.web.servlet.error.BasicErrorController.error(javax.servlet.http.HttpServletRequest)
2018-07-04 13:40:21.917  INFO 6416 --- [main] s.w.s.m.m.a.RequestMappingHandlerMapping : Mapped "{[/error],produces=[text/html]}" onto public org.springframework.web.servlet.ModelAndView org.springframework.boot.autoconfigure.web.servlet.error.BasicErrorController.errorHtml(javax.servlet.http.HttpServletRequest,javax.servlet.http.HttpServletResponse)
2018-07-04 13:40:22.325  INFO 6416 --- [main] o.s.w.s.handler.SimpleUrlHandlerMapping  : Mapped URL path [/**/favicon.ico] onto handler of type [class org.springframework.web.servlet.resource.ResourceHttpRequestHandler]
2018-07-04 13:40:22.816  INFO 6416 --- [main] s.w.s.m.m.a.RequestMappingHandlerAdapter : Looking for @ControllerAdvice: org.springframework.boot.web.servlet.context.AnnotationConfigServletWebServerApplicationContext@18078bef: startup date [Wed Jul 04 13:40:09 CST 2018]; root of context hierarchy
2018-07-04 13:40:22.921  INFO 6416 --- [main] o.s.w.s.handler.SimpleUrlHandlerMapping  : Mapped URL path [/webjars/**] onto handler of type [class org.springframework.web.servlet.resource.ResourceHttpRequestHandler]
2018-07-04 13:40:22.922  INFO 6416 --- [main] o.s.w.s.handler.SimpleUrlHandlerMapping  : Mapped URL path [/**] onto handler of type [class org.springframework.web.servlet.resource.ResourceHttpRequestHandler]
2018-07-04 13:40:23.871  INFO 6416 --- [main] o.s.j.e.a.AnnotationMBeanExporter        : Registering beans for JMX exposure on startup
2018-07-04 13:40:23.874  INFO 6416 --- [main] o.s.j.e.a.AnnotationMBeanExporter        : Bean with name 'dataSource' has been autodetected for JMX exposure
2018-07-04 13:40:23.882  INFO 6416 --- [main] o.s.j.e.a.AnnotationMBeanExporter        : Located MBean 'dataSource': registering with JMX server as MBean [com.alibaba.druid.pool:name=dataSource,type=DruidDataSource]
2018-07-04 13:40:23.894  INFO 6416 --- [main] d.s.w.p.DocumentationPluginsBootstrapper : Context refreshed
2018-07-04 13:40:24.000  INFO 6416 --- [main] d.s.w.p.DocumentationPluginsBootstrapper : Found {0} custom documentation plugin(s)
2018-07-04 13:40:24.016  INFO 6416 --- [main] s.d.s.w.s.ApiListingReferenceScanner     : Scanning for api listing references
2018-07-04 13:40:24.041  INFO 6416 --- [main] s.w.ClassOrApiAnnotationResourceGrouping : Group for method getNumberRouteInfo was number-route-controller
2018-07-04 13:40:24.050  INFO 6416 --- [main] s.d.s.w.s.ApiListingReferenceScanner     : Request mapping: getNumberRouteInfo belongs to groups: [[ResourceGroup{groupName='number-route-controller', position=0, controller=dudu.cass.numberroute.controller.NumberRouteController}]] 
2018-07-04 13:40:24.052  INFO 6416 --- [main] s.w.ClassOrApiAnnotationResourceGrouping : Group for method getNumberRouteInfo was number-route-controller
2018-07-04 13:40:24.052  INFO 6416 --- [main] s.d.s.w.s.ApiListingReferenceScanner     : Request mapping: getNumberRouteInfo belongs to groups: [[ResourceGroup{groupName='number-route-controller', position=0, controller=dudu.cass.numberroute.controller.NumberRouteController}]] 
2018-07-04 13:40:24.057  INFO 6416 --- [main] s.d.s.w.s.ApiListingReferenceScanner     : Created resource listing Path: /default/number-route-controller Description: number-route-controller Position: 0
2018-07-04 13:40:24.108  INFO 6416 --- [main] s.d.schema.ModelContextKeyGenerator      : Cache Key Generated: dudu.cass.numberroute.requestparam.NumberRouteGet(false)
2018-07-04 13:40:24.108  INFO 6416 --- [main] s.d.spring.web.caching.CachingAspect     : Caching aspect applied for cache models with key dudu.cass.numberroute.requestparam.NumberRouteGet(false)
2018-07-04 13:40:24.122  INFO 6416 --- [main] s.d.s.p.ModelPropertiesKeyGenerator      : Cache key generated: dudu.cass.numberroute.requestparam.NumberRouteGet(false)
2018-07-04 13:40:24.122  INFO 6416 --- [main] s.d.spring.web.caching.CachingAspect     : Caching aspect applied for cache modelProperties with key dudu.cass.numberroute.requestparam.NumberRouteGet(false)
2018-07-04 13:40:24.197  INFO 6416 --- [main] s.d.schema.ModelContextKeyGenerator      : Cache Key Generated: dudu.cass.numberroute.requestparam.NumberRouteGet(false)
2018-07-04 13:40:24.197  INFO 6416 --- [main] s.d.spring.web.caching.CachingAspect     : Caching aspect applied for cache modelDependencies with key dudu.cass.numberroute.requestparam.NumberRouteGet(false)
2018-07-04 13:40:24.204  INFO 6416 --- [main] s.d.s.p.ModelPropertiesKeyGenerator      : Cache key generated: dudu.cass.numberroute.requestparam.NumberRouteGet(false)
2018-07-04 13:40:24.205  INFO 6416 --- [main] s.d.spring.web.caching.CachingAspect     : Caching aspect applied for cache modelProperties with key dudu.cass.numberroute.requestparam.NumberRouteGet(false)
2018-07-04 13:40:24.207  INFO 6416 --- [main] s.d.schema.ModelContextKeyGenerator      : Cache Key Generated: dudu.cass.numberroute.model.NumberRouteResult(true)
2018-07-04 13:40:24.208  INFO 6416 --- [main] s.d.spring.web.caching.CachingAspect     : Caching aspect applied for cache models with key dudu.cass.numberroute.model.NumberRouteResult(true)
2018-07-04 13:40:24.208  INFO 6416 --- [main] s.d.s.p.ModelPropertiesKeyGenerator      : Cache key generated: dudu.cass.numberroute.model.NumberRouteResult(true)
2018-07-04 13:40:24.208  INFO 6416 --- [main] s.d.spring.web.caching.CachingAspect     : Caching aspect applied for cache modelProperties with key dudu.cass.numberroute.model.NumberRouteResult(true)
2018-07-04 13:40:24.211  INFO 6416 --- [main] s.d.schema.ModelContextKeyGenerator      : Cache Key Generated: dudu.cass.numberroute.model.NumberRouteResult(true)
2018-07-04 13:40:24.211  INFO 6416 --- [main] s.d.spring.web.caching.CachingAspect     : Caching aspect applied for cache modelDependencies with key dudu.cass.numberroute.model.NumberRouteResult(true)
2018-07-04 13:40:24.212  INFO 6416 --- [main] s.d.s.p.ModelPropertiesKeyGenerator      : Cache key generated: dudu.cass.numberroute.model.NumberRouteResult(true)
2018-07-04 13:40:24.212  INFO 6416 --- [main] s.d.spring.web.caching.CachingAspect     : Caching aspect applied for cache modelProperties with key dudu.cass.numberroute.model.NumberRouteResult(true)
2018-07-04 13:40:24.214  INFO 6416 --- [main] s.d.spring.web.OperationsKeyGenerator    : Cache key generated: /numberroute/v1/getRouteInfo.dudu.cass.numberroute.controller.NumberRouteController.getNumberRouteInfo.DefaultGenericTypeNamingStrategy
2018-07-04 13:40:24.215  INFO 6416 --- [main] s.d.spring.web.caching.CachingAspect     : Caching aspect applied for cache operations with key /numberroute/v1/getRouteInfo.dudu.cass.numberroute.controller.NumberRouteController.getNumberRouteInfo.DefaultGenericTypeNamingStrategy
2018-07-04 13:40:24.239  INFO 6416 --- [main] s.w.ClassOrApiAnnotationResourceGrouping : Group for method getNumberRouteInfo was number-route-controller
2018-07-04 13:40:24.244  INFO 6416 --- [main] s.w.ClassOrApiAnnotationResourceGrouping : Group for method getNumberRouteInfo was number-route-controller
2018-07-04 13:40:24.254  INFO 6416 --- [main] s.d.schema.ModelContextKeyGenerator      : Cache Key Generated: dudu.cass.numberroute.model.NumberRouteResult(true)
2018-07-04 13:40:24.255  INFO 6416 --- [main] s.d.spring.web.caching.CachingAspect     : Caching aspect applied for cache models with key dudu.cass.numberroute.model.NumberRouteResult(true)
2018-07-04 13:40:24.255  INFO 6416 --- [main] s.d.schema.ModelContextKeyGenerator      : Cache Key Generated: dudu.cass.numberroute.model.NumberRouteResult(true)
2018-07-04 13:40:24.255  INFO 6416 --- [main] s.d.spring.web.caching.CachingAspect     : Caching aspect applied for cache modelDependencies with key dudu.cass.numberroute.model.NumberRouteResult(true)
2018-07-04 13:40:24.256  INFO 6416 --- [main] s.d.spring.web.OperationsKeyGenerator    : Cache key generated: /numberroute/v1/get.dudu.cass.numberroute.controller.NumberRouteController.getNumberRouteInfo.DefaultGenericTypeNamingStrategy
2018-07-04 13:40:24.256  INFO 6416 --- [main] s.d.spring.web.caching.CachingAspect     : Caching aspect applied for cache operations with key /numberroute/v1/get.dudu.cass.numberroute.controller.NumberRouteController.getNumberRouteInfo.DefaultGenericTypeNamingStrategy
2018-07-04 13:40:24.261  INFO 6416 --- [main] s.w.ClassOrApiAnnotationResourceGrouping : Group for method getNumberRouteInfo was number-route-controller
2018-07-04 13:40:24.263  INFO 6416 --- [main] s.w.ClassOrApiAnnotationResourceGrouping : Group for method getNumberRouteInfo was number-route-controller
2018-07-04 13:40:24.478  INFO 6416 --- [main] o.s.b.w.embedded.tomcat.TomcatWebServer  : Tomcat started on port(s): 8080 (http) with context path ''
2018-07-04 13:40:24.489  INFO 6416 --- [main] d.c.n.DuduNumberrouteApplication         : Started DuduNumberrouteApplication in 18.543 seconds (JVM running for 20.375)
2018-07-04 13:40:47.936  INFO 6416 --- [http-nio-8080-exec-1] o.a.c.c.C.[Tomcat].[localhost].[/]       : Initializing Spring FrameworkServlet 'dispatcherServlet'
2018-07-04 13:40:47.937  INFO 6416 --- [http-nio-8080-exec-1] o.s.web.servlet.DispatcherServlet        : FrameworkServlet 'dispatcherServlet': initialization started
2018-07-04 13:40:47.993  INFO 6416 --- [http-nio-8080-exec-1] o.s.web.servlet.DispatcherServlet        : FrameworkServlet 'dispatcherServlet': initialization completed in 56 ms
2018-07-04 13:42:00.081  INFO 6416 --- [http-nio-8080-exec-2] d.c.n.controller.NumberRouteController   : get number 
2018-07-04 13:42:00.150  INFO 6416 --- [http-nio-8080-exec-2] o.h.h.i.QueryTranslatorFactoryInitiator  : HHH000397: Using ASTQueryTranslatorFactory
2018-07-04 13:43:22.931  INFO 6416 --- [http-nio-8080-exec-3] d.c.n.controller.NumberRouteController   : get number 
2018-07-04 13:43:31.712  INFO 6416 --- [http-nio-8080-exec-7] d.c.n.controller.NumberRouteController   : get number 
2018-07-04 13:43:41.013  INFO 6416 --- [http-nio-8080-exec-6] d.c.n.controller.NumberRouteController   : get number 
2018-07-04 13:43:48.012  INFO 6416 --- [http-nio-8080-exec-4] d.c.n.controller.NumberRouteController   : get number 
